<?xml version="1.0" encoding="UTF-8"?>
<testsuite xmlns:xsi="http://www.w3.org/2001/XMLSchema-instance" xsi:noNamespaceSchemaLocation="https://maven.apache.org/surefire/maven-surefire-plugin/xsd/surefire-test-report-3.0.xsd" version="3.0" name="com.example.AppTest" time="0.043" tests="1" errors="0" skipped="0" failures="0">
  <properties>
    <property name="java.specification.version" value="22"/>
    <property name="sun.cpu.isalist" value="amd64"/>
    <property name="sun.jnu.encoding" value="Cp1252"/>
    <property name="java.class.path" value="C:\Users\LAB-A21-28\my-app\target\test-classes;C:\Users\LAB-A21-28\my-app\target\classes;C:\Users\LAB-A21-28\.m2\repository\junit\junit\4.12\junit-4.12.jar;C:\Users\LAB-A21-28\.m2\repository\org\hamcrest\hamcrest-core\1.3\hamcrest-core-1.3.jar;"/>
    <property name="java.vm.vendor" value="Oracle Corporation"/>
    <property name="sun.arch.data.model" value="64"/>
    <property name="user.variant" value=""/>
    <property name="java.vendor.url" value="https://java.oracle.com/"/>
    <property name="user.timezone" value="Asia/Calcutta"/>
    <property name="os.name" value="Windows 11"/>
    <property name="java.vm.specification.version" value="22"/>
    <property name="sun.java.launcher" value="SUN_STANDARD"/>
    <property name="user.country" value="IN"/>
    <property name="sun.boot.library.path" value="C:\Program Files\Java\jdk-22\bin"/>
    <property name="sun.java.command" value="C:\Users\LAB-A21-28\AppData\Local\Temp\surefire8989143642105296232\surefirebooter-20251003125342901_3.jar C:\Users\LAB-A21-28\AppData\Local\Temp\surefire8989143642105296232 2025-10-03T12-53-42_694-jvmRun1 surefire-20251003125342901_1tmp surefire_0-20251003125342901_2tmp"/>
    <property name="jdk.debug" value="release"/>
    <property name="surefire.test.class.path" value="C:\Users\LAB-A21-28\my-app\target\test-classes;C:\Users\LAB-A21-28\my-app\target\classes;C:\Users\LAB-A21-28\.m2\repository\junit\junit\4.12\junit-4.12.jar;C:\Users\LAB-A21-28\.m2\repository\org\hamcrest\hamcrest-core\1.3\hamcrest-core-1.3.jar;"/>
    <property name="sun.cpu.endian" value="little"/>
    <property name="user.home" value="C:\Users\LAB-A21-28"/>
    <property name="user.language" value="en"/>
    <property name="java.specification.vendor" value="Oracle Corporation"/>
    <property name="java.version.date" value="2024-07-16"/>
    <property name="java.home" value="C:\Program Files\Java\jdk-22"/>
    <property name="file.separator" value="\"/>
    <property name="basedir" value="C:\Users\LAB-A21-28\my-app"/>
    <property name="java.vm.compressedOopsMode" value="32-bit"/>
    <property name="line.separator" value="&#10;"/>
    <property name="java.vm.specification.vendor" value="Oracle Corporation"/>
    <property name="java.specification.name" value="Java Platform API Specification"/>
    <property name="surefire.real.class.path" value="C:\Users\LAB-A21-28\AppData\Local\Temp\surefire8989143642105296232\surefirebooter-20251003125342901_3.jar"/>
    <property name="user.script" value=""/>
    <property name="sun.management.compiler" value="HotSpot 64-Bit Tiered Compilers"/>
    <property name="java.runtime.version" value="22.0.2+9-70"/>
    <property name="user.name" value="LAB-A21-28"/>
    <property name="stdout.encoding" value="Cp1252"/>
    <property name="path.separator" value=";"/>
    <property name="os.version" value="10.0"/>
    <property name="java.runtime.name" value="Java(TM) SE Runtime Environment"/>
    <property name="file.encoding" value="UTF-8"/>
    <property name="java.vm.name" value="Java HotSpot(TM) 64-Bit Server VM"/>
    <property name="localRepository" value="C:\Users\LAB-A21-28\.m2\repository"/>
    <property name="java.vendor.url.bug" value="https://bugreport.java.com/bugreport/"/>
    <property name="java.io.tmpdir" value="C:\Users\LAB-A2~1\AppData\Local\Temp\"/>
    <property name="java.version" value="22.0.2"/>
    <property name="user.dir" value="C:\Users\LAB-A21-28\my-app"/>
    <property name="os.arch" value="amd64"/>
    <property name="java.vm.specification.name" value="Java Virtual Machine Specification"/>
    <property name="sun.os.patch.level" value=""/>
    <property name="native.encoding" value="Cp1252"/>
    <property name="java.library.path" value="C:\Program Files\Java\jdk-22\bin;C:\Windows\Sun\Java\bin;C:\Windows\system32;C:\Windows;C:\Users\LAB-A21-28\AppData\Local\Programs\Python\Python313\Scripts\;C:\Users\LAB-A21-28\AppData\Local\Programs\Python\Python313\;c:\Users\LAB-A21-28\AppData\Local\Programs\cursor\resources\app\bin;C:\Program Files\Common Files\Oracle\Java\javapath;C:\Program Files (x86)\Common Files\Oracle\Java\java8path;C:\Program Files (x86)\Common Files\Oracle\Java\javapath;C:\Windows\system32;C:\Windows;C:\Windows\System32\Wbem;C:\Windows\System32\WindowsPowerShell\v1.0\;C:\Windows\System32\OpenSSH\;c:\Program Files (x86)\Microsoft SQL Server\100\Tools\Binn\;c:\Program Files\Microsoft SQL Server\100\Tools\Binn\;c:\Program Files\Microsoft SQL Server\100\DTS\Binn\;C:\ProgramData\chocolatey\bin;C:\Users\LAB-A21-28\AppData\Local\Programs\Python\Python312;C:\Users\LAB-A21-28\AppData\Local\Programs\Python\Python312\Scripts;C:\Users\LAB-A21-28\AppData\Roaming\Python\Python312\Scripts;C:\Program Files\Java\jdk-22\bin;C:\Users\LAB-A21-28\AppData\Local\Programs\Python\Launcher\;C:\Users\LAB-A21-28\AppData\Local\Microsoft\WindowsApps;C:\Users\LAB-A21-28\AppData\Roaming\npm;C:\Users\LAB-A21-28\AppData\Local\Programs\Python\Python312;C:\Program Files\JetBrains\PyCharm Community Edition 2024.2\;C:\Program Files\Git\cmd;C:\wamp64\bin\php\php5.6.40;C:\ProgramData\ComposerSetup\bin;C:\apache-maven-3.9.11-bin\apache-maven-3.9.11\bin;C:\Program Files\apache-maven-3.9.11\bin;C:\Program Files\nodejs\;C:\Users\LAB-A21-28\AppData\Local\Programs\Python\Launcher\;C:\Users\LAB-A21-28\AppData\Local\Microsoft\WindowsApps;C:\Users\LAB-A21-28\AppData\Local\Programs\Python\Python312;C:\Program Files\JetBrains\PyCharm Community Edition 2024.2\bin;;C:\Program Files\Java\jdk-22\bin;C:\Users\LAB-A21-28\AppData\Local\Programs\Microsoft VS Code\bin;C:\Users\LAB-A21-28\AppData\Roaming\Composer\vendor\bin;C:\Users\LAB-A21-28\AppData\Roaming\npm;."/>
    <property name="java.vm.info" value="mixed mode, sharing"/>
    <property name="stderr.encoding" value="Cp1252"/>
    <property name="java.vendor" value="Oracle Corporation"/>
    <property name="java.vm.version" value="22.0.2+9-70"/>
    <property name="sun.io.unicode.encoding" value="UnicodeLittle"/>
    <property name="java.class.version" value="66.0"/>
  </properties>
  <testcase name="testApp" classname="com.example.AppTest" time="0.003"/>
</testsuite>